2022-06-07 00:49:01 INFO::Writing function arguments to log file
2022-06-07 00:49:01 DEBUG::Function arguments
2022-06-07 00:49:01 DEBUG::Output folder: output/5.Gene_pathway_associations/MaAsLin2_MWAS_PDvsNHC/MetaCyc_pathways
2022-06-07 00:49:01 DEBUG::Min Abundance: 0.000000
2022-06-07 00:49:01 DEBUG::Min Prevalence: 0.050000
2022-06-07 00:49:01 DEBUG::Normalization: TSS
2022-06-07 00:49:01 DEBUG::Transform: LOG
2022-06-07 00:49:01 DEBUG::Analysis method: LM
2022-06-07 00:49:01 DEBUG::Max significance: 0.050000
2022-06-07 00:49:01 DEBUG::Random effects:
2022-06-07 00:49:01 DEBUG::Fixed effects:
2022-06-07 00:49:01 DEBUG::Correction method: BH
2022-06-07 00:49:01 DEBUG::Standardize: FALSE
2022-06-07 00:49:01 DEBUG::Cores: 1
2022-06-07 00:49:01 INFO::Verifying options selected are valid
2022-06-07 00:49:01 INFO::Determining format of input files
2022-06-07 00:49:01 INFO::Input format is data samples as rows and metadata samples as rows
2022-06-07 00:49:01 DEBUG::A total of 724 samples were found in both the data and metadata
2022-06-07 00:49:01 DEBUG::Reordering data/metadata to use same sample ordering
2022-06-07 00:49:01 INFO::Formula for fixed effects: expr ~  Case_status + collection_method + total_seqs_scaled
2022-06-07 00:49:01 INFO::Filter data based on min abundance and min prevalence
2022-06-07 00:49:01 INFO::Total samples in data: 724
2022-06-07 00:49:01 INFO::Min samples required with min abundance for a feature not to be filtered: 36.200000
2022-06-07 00:49:01 INFO::Total filtered features: 104
2022-06-07 00:49:01 INFO::Filtered feature names from abundance and prevalence filtering: DENITRIFICATION.PWY..nitrate.reduction.I..denitrification., DHGLUCONATE.PYR.CAT.PWY..glucose.degradation..oxidative., GALLATE.DEGRADATION.I.PWY..gallate.degradation.II, GALLATE.DEGRADATION.II.PWY..gallate.degradation.I, GLUDEG.II.PWY..L.glutamate.degradation.VII..to.butanoate., ILEUDEG.PWY..L.isoleucine.degradation.I, LEU.DEG2.PWY..L.leucine.degradation.I, LIPASYN.PWY..phospholipases, LYSINE.DEG1.PWY..L.lysine.degradation.XI..mammalian., METHYLGALLATE.DEGRADATION.PWY..methylgallate.degradation, NADSYN.PWY..NAD.de.novo.biosynthesis.II..from.tryptophan., P101.PWY..ectoine.biosynthesis, P165.PWY..superpathway.of.purines.degradation.in.plants, P261.PWY..coenzyme.M.biosynthesis.I, PHOTOALL.PWY..oxygenic.photosynthesis, PWY.101..photosynthesis.light.reactions, PWY.1501..mandelate.degradation.I, PWY.1622..formaldehyde.assimilation.I..serine.pathway., PWY.181..photorespiration, PWY.2221..Entner.Doudoroff.pathway.III..semi.phosphorylative., PWY.3502..superpathway.of.NAD.biosynthesis.in.eukaryotes, PWY.3781..aerobic.respiration.I..cytochrome.c., PWY.3941...beta..alanine.biosynthesis.II, PWY.4221..superpathway.of.coenzyme.A.biosynthesis.II..plants., PWY.4361..S.methyl.5.thio..alpha..D.ribose.1.phosphate.degradation.I, PWY.5055..nicotinate.degradation.III, PWY.5080..very.long.chain.fatty.acid.biosynthesis.I, PWY.5109..propanoate.fermentation.to.2.methylbutanoate, PWY.5129..sphingolipid.biosynthesis..plants., PWY.5136..fatty.acid..beta..oxidation.II..plant.peroxisome., PWY.5156..superpathway.of.fatty.acid.biosynthesis.II..plant., PWY.5177..glutaryl.CoA.degradation, PWY.5178..toluene.degradation.IV..aerobic...via.catechol., PWY.5183..superpathway.of.aerobic.toluene.degradation, PWY.5306..superpathway.of.thiosulfate.metabolism..Desulfovibrio.sulfodismutans., PWY.5308..superpathway.of.sulfur.metabolism..Desulfocapsa.sulfoexigens., PWY.5419..catechol.degradation.to.2.hydroxypentadienoate.II, PWY.5420..catechol.degradation.II..meta.cleavage.pathway., PWY.5430..meta.cleavage.pathway.of.aromatic.compounds, PWY.5499..vitamin.B6.degradation, PWY.5514..UDP.N.acetyl.D.galactosamine.biosynthesis.II, PWY.5531..3.8.divinyl.chlorophyllide.a.biosynthesis.II..anaerobic., PWY.5532..nucleoside.and.nucleotide.degradation..archaea., PWY.5534..propene.degradation, PWY.561..superpathway.of.glyoxylate.cycle.and.fatty.acid.degradation, PWY.5647..2.nitrobenzoate.degradation.I, PWY.5651..L.tryptophan.degradation.to.2.amino.3.carboxymuconate.semialdehyde, PWY.5724..superpathway.of.atrazine.degradation, PWY.5751..phenylethanol.biosynthesis, PWY.5870..ubiquinol.8.biosynthesis..late.decarboxylation., PWY.5871..ubiquinol.9.biosynthesis..late.decarboxylation., PWY.5872..ubiquinol.10.biosynthesis..late.decarboxylation., PWY.5873..ubiquinol.7.biosynthesis..late.decarboxylation., PWY.5941..glycogen.degradation.II, PWY.6060..malonate.degradation.II..biotin.dependent., PWY.6107..chlorosalicylate.degradation, PWY.6138..CMP.N.acetylneuraminate.biosynthesis.I..eukaryotes., PWY.6148..tetrahydromethanopterin.biosynthesis, PWY.6307..L.tryptophan.degradation.X..mammalian..via.tryptamine., PWY.6309..L.tryptophan.degradation.XI..mammalian..via.kynurenine., PWY.6313..serotonin.degradation, PWY.6351..D.myo.inositol..1.4.5..trisphosphate.biosynthesis, PWY.6467..Kdo.transfer.to.lipid.IVA.III..Chlamydia., PWY.6524..lychnose.and.isolychnose.biosynthesis, PWY.6565..superpathway.of.polyamine.biosynthesis.III, PWY.6583..pyruvate.fermentation.to.butanol.I, PWY.6594..superpathway.of.Clostridium.acetobutylicum.solventogenic.fermentation, PWY.6598..sciadonate.biosynthesis, PWY.6604..superpathway.of.Clostridium.acetobutylicum.acidogenic.and.solventogenic.fermentation, PWY.6641..superpathway.of.sulfolactate.degradation, PWY.6660..2.heptyl.3.hydroxy.4.1H..quinolone.biosynthesis, PWY.6748..nitrate.reduction.VII..denitrification., PWY.6785..hydrogen.production.VIII, PWY.6837..fatty.acid..beta..oxidation.V..unsaturated..odd.number..di.isomerase.dependent., PWY.6883..pyruvate.fermentation.to.butanol.II..engineered., PWY.6891..thiazole.component.of.thiamine.diphosphate.biosynthesis.II, PWY.6895..superpathway.of.thiamine.diphosphate.biosynthesis.II, PWY.6906..chitin.derivatives.degradation, PWY.7124..ethene.biosynthesis.V..engineered., PWY.7159..3.8.divinyl.chlorophyllide.a.biosynthesis.III..aerobic..light.independent., PWY.7218..photosynthetic.3.hydroxybutanoate.biosynthesis..engineered., PWY.7224..purine.deoxyribonucleosides.salvage, PWY.7235..superpathway.of.ubiquinol.6.biosynthesis..late.decarboxylation., PWY.7270..L.methionine.salvage.cycle.II..plants., PWY.7279..aerobic.respiration.II..cytochrome.c...yeast., PWY.7283..wybutosine.biosynthesis, PWY.7288..fatty.acid..beta..oxidation.VII..yeast.peroxisome., PWY.7290..Escherichia.coli.serotype.O86.O.antigen.biosynthesis, PWY.7317..superpathway.of.dTDP.glucose.derived.O.antigen.building.blocks.biosynthesis, PWY.7337..10.cis.heptadecenoyl.CoA.degradation..yeast., PWY.7338..10.trans.heptadecenoyl.CoA.degradation..reductase.dependent..yeast., PWY.7373..superpathway.of.demethylmenaquinol.6.biosynthesis.II, PWY.7411..phosphatidate.biosynthesis..yeast., PWY.7413..dTDP.6.deoxy..alpha..D.allose.biosynthesis, PWY.7431..aromatic.biogenic.amine.degradation..bacteria., PWY.7511..protein.ubiquitination, PWY.7527..L.methionine.salvage.cycle.III, PWY.7528..L.methionine.salvage.cycle.I..bacteria.and.plants., PWY.7619..juniperonate.biosynthesis, PWY1F.823..leucopelargonidin.and.leucocyanidin.biosynthesis, PWY5F9.12..biphenyl.degradation, PWY66.391..fatty.acid..beta..oxidation.VI..mammalian.peroxisome., TYRFUMCAT.PWY..L.tyrosine.degradation.I, VALDEG.PWY..L.valine.degradation.I
2022-06-07 00:49:01 INFO::Total filtered features with variance filtering: 0
2022-06-07 00:49:01 INFO::Filtered feature names from variance filtering:
2022-06-07 00:49:01 INFO::Running selected normalization method: TSS
2022-06-07 00:49:01 INFO::Bypass z-score application to metadata
2022-06-07 00:49:01 INFO::Running selected transform method: LOG
2022-06-07 00:49:01 INFO::Running selected analysis method: LM
2022-06-07 00:49:01 INFO::Fitting model to feature number 1, X1CMET2.PWY..folate.transformations.III..E..coli.
2022-06-07 00:49:01 INFO::Fitting model to feature number 2, X3.HYDROXYPHENYLACETATE.DEGRADATION.PWY..4.hydroxyphenylacetate.degradation
2022-06-07 00:49:01 INFO::Fitting model to feature number 3, X7ALPHADEHYDROX.PWY
2022-06-07 00:49:01 INFO::Fitting model to feature number 4, AEROBACTINSYN.PWY..aerobactin.biosynthesis
2022-06-07 00:49:01 INFO::Fitting model to feature number 5, ALLANTOINDEG.PWY..superpathway.of.allantoin.degradation.in.yeast
2022-06-07 00:49:01 INFO::Fitting model to feature number 6, ANAEROFRUCAT.PWY..homolactic.fermentation
2022-06-07 00:49:01 INFO::Fitting model to feature number 7, ANAGLYCOLYSIS.PWY..glycolysis.III..from.glucose.
2022-06-07 00:49:01 INFO::Fitting model to feature number 8, ARG.POLYAMINE.SYN..superpathway.of.arginine.and.polyamine.biosynthesis
2022-06-07 00:49:01 INFO::Fitting model to feature number 9, ARGDEG.PWY..superpathway.of.L.arginine..putrescine..and.4.aminobutanoate.degradation
2022-06-07 00:49:01 INFO::Fitting model to feature number 10, ARGININE.SYN4.PWY..L.ornithine.biosynthesis.II
2022-06-07 00:49:01 INFO::Fitting model to feature number 11, ARGORNPROST.PWY
2022-06-07 00:49:01 INFO::Fitting model to feature number 12, ARGSYN.PWY..L.arginine.biosynthesis.I..via.L.ornithine.
2022-06-07 00:49:01 INFO::Fitting model to feature number 13, ARGSYNBSUB.PWY..L.arginine.biosynthesis.II..acetyl.cycle.
2022-06-07 00:49:01 INFO::Fitting model to feature number 14, ARO.PWY..chorismate.biosynthesis.I
2022-06-07 00:49:01 INFO::Fitting model to feature number 15, ASPASN.PWY..superpathway.of.L.aspartate.and.L.asparagine.biosynthesis
2022-06-07 00:49:01 INFO::Fitting model to feature number 16, AST.PWY..L.arginine.degradation.II..AST.pathway.
2022-06-07 00:49:01 INFO::Fitting model to feature number 17, BIOTIN.BIOSYNTHESIS.PWY..biotin.biosynthesis.I
2022-06-07 00:49:01 INFO::Fitting model to feature number 18, BRANCHED.CHAIN.AA.SYN.PWY..superpathway.of.branched.chain.amino.acid.biosynthesis
2022-06-07 00:49:01 INFO::Fitting model to feature number 19, CALVIN.PWY..Calvin.Benson.Bassham.cycle
2022-06-07 00:49:01 INFO::Fitting model to feature number 20, CATECHOL.ORTHO.CLEAVAGE.PWY..catechol.degradation.to..beta..ketoadipate
2022-06-07 00:49:01 INFO::Fitting model to feature number 21, CENTFERM.PWY..pyruvate.fermentation.to.butanoate
2022-06-07 00:49:01 INFO::Fitting model to feature number 22, CITRULBIO.PWY..L.citrulline.biosynthesis
2022-06-07 00:49:01 INFO::Fitting model to feature number 23, COA.PWY.1..superpathway.of.coenzyme.A.biosynthesis.III..mammals.
2022-06-07 00:49:01 INFO::Fitting model to feature number 24, COA.PWY..coenzyme.A.biosynthesis.I..prokaryotic.
2022-06-07 00:49:01 INFO::Fitting model to feature number 25, COBALSYN.PWY..superpathway.of.adenosylcobalamin.salvage.from.cobinamide.I
2022-06-07 00:49:01 INFO::Fitting model to feature number 26, COLANSYN.PWY..colanic.acid.building.blocks.biosynthesis
2022-06-07 00:49:01 INFO::Fitting model to feature number 27, COMPLETE.ARO.PWY..superpathway.of.aromatic.amino.acid.biosynthesis
2022-06-07 00:49:01 INFO::Fitting model to feature number 28, CRNFORCAT.PWY..creatinine.degradation.I
2022-06-07 00:49:01 INFO::Fitting model to feature number 29, DAPLYSINESYN.PWY..L.lysine.biosynthesis.I
2022-06-07 00:49:01 INFO::Fitting model to feature number 30, DENOVOPURINE2.PWY..superpathway.of.purine.nucleotides.de.novo.biosynthesis.II
2022-06-07 00:49:01 INFO::Fitting model to feature number 31, DTDPRHAMSYN.PWY..dTDP..beta..L.rhamnose.biosynthesis
2022-06-07 00:49:01 INFO::Fitting model to feature number 32, ECASYN.PWY..enterobacterial.common.antigen.biosynthesis
2022-06-07 00:49:01 INFO::Fitting model to feature number 33, FAO.PWY..fatty.acid..beta..oxidation.I..generic.
2022-06-07 00:49:01 INFO::Fitting model to feature number 34, FASYN.ELONG.PWY..fatty.acid.elongation....saturated
2022-06-07 00:49:01 INFO::Fitting model to feature number 35, FASYN.INITIAL.PWY..superpathway.of.fatty.acid.biosynthesis.initiation..E..coli.
2022-06-07 00:49:01 INFO::Fitting model to feature number 36, FERMENTATION.PWY..mixed.acid.fermentation
2022-06-07 00:49:01 INFO::Fitting model to feature number 37, FOLSYN.PWY..superpathway.of.tetrahydrofolate.biosynthesis.and.salvage
2022-06-07 00:49:01 INFO::Fitting model to feature number 38, FUC.RHAMCAT.PWY..superpathway.of.fucose.and.rhamnose.degradation
2022-06-07 00:49:01 INFO::Fitting model to feature number 39, FUCCAT.PWY..fucose.degradation
2022-06-07 00:49:01 INFO::Fitting model to feature number 40, GALACT.GLUCUROCAT.PWY..superpathway.of.hexuronide.and.hexuronate.degradation
2022-06-07 00:49:01 INFO::Fitting model to feature number 41, GALACTARDEG.PWY..D.galactarate.degradation.I
2022-06-07 00:49:01 INFO::Fitting model to feature number 42, GALACTUROCAT.PWY..D.galacturonate.degradation.I
2022-06-07 00:49:01 INFO::Fitting model to feature number 43, GLCMANNANAUT.PWY..superpathway.of.N.acetylglucosamine..N.acetylmannosamine.and.N.acetylneuraminate.degradation
2022-06-07 00:49:01 INFO::Fitting model to feature number 44, GLUCARDEG.PWY..D.glucarate.degradation.I
2022-06-07 00:49:01 INFO::Fitting model to feature number 45, GLUCARGALACTSUPER.PWY..superpathway.of.D.glucarate.and.D.galactarate.degradation
2022-06-07 00:49:01 INFO::Fitting model to feature number 46, GLUCONEO.PWY..gluconeogenesis.I
2022-06-07 00:49:01 INFO::Fitting model to feature number 47, GLUCOSE1PMETAB.PWY..glucose.and.glucose.1.phosphate.degradation
2022-06-07 00:49:01 INFO::Fitting model to feature number 48, GLUCUROCAT.PWY..superpathway.of..beta..D.glucuronosides.degradation
2022-06-07 00:49:01 INFO::Fitting model to feature number 49, GLUDEG.I.PWY..GABA.shunt
2022-06-07 00:49:01 INFO::Fitting model to feature number 50, GLUTORN.PWY..L.ornithine.biosynthesis.I
2022-06-07 00:49:01 INFO::Fitting model to feature number 51, GLYCOCAT.PWY..glycogen.degradation.I
2022-06-07 00:49:01 INFO::Fitting model to feature number 52, GLYCOGENSYNTH.PWY..glycogen.biosynthesis.I..from.ADP.D.Glucose.
2022-06-07 00:49:01 INFO::Fitting model to feature number 53, GLYCOL.GLYOXDEG.PWY..superpathway.of.glycol.metabolism.and.degradation
2022-06-07 00:49:01 INFO::Fitting model to feature number 54, GLYCOLYSIS.E.D..superpathway.of.glycolysis.and.the.Entner.Doudoroff.pathway
2022-06-07 00:49:01 INFO::Fitting model to feature number 55, GLYCOLYSIS.TCA.GLYOX.BYPASS..superpathway.of.glycolysis..pyruvate.dehydrogenase..TCA..and.glyoxylate.bypass
2022-06-07 00:49:01 INFO::Fitting model to feature number 56, GLYCOLYSIS..glycolysis.I..from.glucose.6.phosphate.
2022-06-07 00:49:01 INFO::Fitting model to feature number 57, GLYOXYLATE.BYPASS..glyoxylate.cycle
2022-06-07 00:49:01 INFO::Fitting model to feature number 58, GOLPDLCAT.PWY..superpathway.of.glycerol.degradation.to.1.3.propanediol
2022-06-07 00:49:01 INFO::Fitting model to feature number 59, HCAMHPDEG.PWY..3.phenylpropanoate.and.3..3.hydroxyphenyl.propanoate.degradation.to.2.hydroxypentadienoate
2022-06-07 00:49:01 INFO::Fitting model to feature number 60, HEME.BIOSYNTHESIS.II..heme.b.biosynthesis.I..aerobic.
2022-06-07 00:49:01 INFO::Fitting model to feature number 61, HEMESYN2.PWY..heme.b.biosynthesis.II..oxygen.independent.
2022-06-07 00:49:01 INFO::Fitting model to feature number 62, HEXITOLDEGSUPER.PWY..superpathway.of.hexitol.degradation..bacteria.
2022-06-07 00:49:01 INFO::Fitting model to feature number 63, HISDEG.PWY..L.histidine.degradation.I
2022-06-07 00:49:01 INFO::Fitting model to feature number 64, HISTSYN.PWY..L.histidine.biosynthesis
2022-06-07 00:49:01 INFO::Fitting model to feature number 65, HOMOSER.METSYN.PWY..L.methionine.biosynthesis.I
2022-06-07 00:49:01 INFO::Fitting model to feature number 66, HSERMETANA.PWY..L.methionine.biosynthesis.III
2022-06-07 00:49:01 INFO::Fitting model to feature number 67, ILEUSYN.PWY..L.isoleucine.biosynthesis.I..from.threonine.
2022-06-07 00:49:01 INFO::Fitting model to feature number 68, KDO.NAGLIPASYN.PWY..superpathway.of..Kdo.2.lipid.A.biosynthesis
2022-06-07 00:49:01 INFO::Fitting model to feature number 69, KETOGLUCONMET.PWY..ketogluconate.metabolism
2022-06-07 00:49:01 INFO::Fitting model to feature number 70, LACTOSECAT.PWY..lactose.and.galactose.degradation.I
2022-06-07 00:49:01 INFO::Fitting model to feature number 71, LPSSYN.PWY..superpathway.of.lipopolysaccharide.biosynthesis
2022-06-07 00:49:01 INFO::Fitting model to feature number 72, MET.SAM.PWY..superpathway.of.S.adenosyl.L.methionine.biosynthesis
2022-06-07 00:49:01 INFO::Fitting model to feature number 73, METH.ACETATE.PWY..methanogenesis.from.acetate
2022-06-07 00:49:01 INFO::Fitting model to feature number 74, METHANOGENESIS.PWY..methanogenesis.from.H2.and.CO2
2022-06-07 00:49:01 INFO::Fitting model to feature number 75, METHGLYUT.PWY..superpathway.of.methylglyoxal.degradation
2022-06-07 00:49:01 INFO::Fitting model to feature number 76, METSYN.PWY..superpathway.of.L.homoserine.and.L.methionine.biosynthesis
2022-06-07 00:49:01 INFO::Fitting model to feature number 77, NAD.BIOSYNTHESIS.II..NAD.salvage.pathway.III..to.nicotinamide.riboside.
2022-06-07 00:49:01 INFO::Fitting model to feature number 78, NAGLIPASYN.PWY..lipid.IVA.biosynthesis..E..coli.
2022-06-07 00:49:01 INFO::Fitting model to feature number 79, NONMEVIPP.PWY..methylerythritol.phosphate.pathway.I
2022-06-07 00:49:01 INFO::Fitting model to feature number 80, NONOXIPENT.PWY..pentose.phosphate.pathway..non.oxidative.branch..I
2022-06-07 00:49:01 INFO::Fitting model to feature number 81, OANTIGEN.PWY..O.antigen.building.blocks.biosynthesis..E..coli.
2022-06-07 00:49:01 INFO::Fitting model to feature number 82, ORNARGDEG.PWY..superpathway.of.L.arginine.and.L.ornithine.degradation
2022-06-07 00:49:01 INFO::Fitting model to feature number 83, ORNDEG.PWY..superpathway.of.ornithine.degradation
2022-06-07 00:49:01 INFO::Fitting model to feature number 84, P105.PWY..TCA.cycle.IV..2.oxoglutarate.decarboxylase.
2022-06-07 00:49:01 INFO::Fitting model to feature number 85, P108.PWY..pyruvate.fermentation.to.propanoate.I
2022-06-07 00:49:01 INFO::Fitting model to feature number 86, P122.PWY..heterolactic.fermentation
2022-06-07 00:49:01 INFO::Fitting model to feature number 87, P124.PWY..Bifidobacterium.shunt
2022-06-07 00:49:01 INFO::Fitting model to feature number 88, P125.PWY..superpathway.of..R.R..butanediol.biosynthesis
2022-06-07 00:49:01 INFO::Fitting model to feature number 89, P161.PWY..acetylene.degradation..anaerobic.
2022-06-07 00:49:01 INFO::Fitting model to feature number 90, P163.PWY..L.lysine.fermentation.to.acetate.and.butanoate
2022-06-07 00:49:01 INFO::Fitting model to feature number 91, P164.PWY..purine.nucleobases.degradation.I..anaerobic.
2022-06-07 00:49:01 INFO::Fitting model to feature number 92, P185.PWY..formaldehyde.assimilation.III..dihydroxyacetone.cycle.
2022-06-07 00:49:01 INFO::Fitting model to feature number 93, P221.PWY..octane.oxidation
2022-06-07 00:49:01 INFO::Fitting model to feature number 94, P23.PWY..reductive.TCA.cycle.I
2022-06-07 00:49:01 INFO::Fitting model to feature number 95, P241.PWY..coenzyme.B.biosynthesis
2022-06-07 00:49:01 INFO::Fitting model to feature number 96, P4.PWY..superpathway.of.L.lysine..L.threonine.and.L.methionine.biosynthesis.I
2022-06-07 00:49:01 INFO::Fitting model to feature number 97, P42.PWY..incomplete.reductive.TCA.cycle
2022-06-07 00:49:01 INFO::Fitting model to feature number 98, P441.PWY..superpathway.of.N.acetylneuraminate.degradation
2022-06-07 00:49:01 INFO::Fitting model to feature number 99, P461.PWY..hexitol.fermentation.to.lactate..formate..ethanol.and.acetate
2022-06-07 00:49:01 INFO::Fitting model to feature number 100, P562.PWY..myo.inositol.degradation.I
2022-06-07 00:49:01 INFO::Fitting model to feature number 101, P621.PWY..nylon.6.oligomer.degradation
2022-06-07 00:49:01 INFO::Fitting model to feature number 102, PANTO.PWY..phosphopantothenate.biosynthesis.I
2022-06-07 00:49:01 INFO::Fitting model to feature number 103, PANTOSYN.PWY..superpathway.of.coenzyme.A.biosynthesis.I..bacteria.
2022-06-07 00:49:01 INFO::Fitting model to feature number 104, PENTOSE.P.PWY..pentose.phosphate.pathway
2022-06-07 00:49:01 INFO::Fitting model to feature number 105, PEPTIDOGLYCANSYN.PWY..peptidoglycan.biosynthesis.I..meso.diaminopimelate.containing.
2022-06-07 00:49:01 INFO::Fitting model to feature number 106, PHOSLIPSYN.PWY..superpathway.of.phospholipid.biosynthesis.I..bacteria.
2022-06-07 00:49:01 INFO::Fitting model to feature number 107, POLYAMINSYN3.PWY..superpathway.of.polyamine.biosynthesis.II
2022-06-07 00:49:01 INFO::Fitting model to feature number 108, POLYAMSYN.PWY..superpathway.of.polyamine.biosynthesis.I
2022-06-07 00:49:01 INFO::Fitting model to feature number 109, POLYISOPRENSYN.PWY..polyisoprenoid.biosynthesis..E..coli.
2022-06-07 00:49:01 INFO::Fitting model to feature number 110, PPGPPMET.PWY..ppGpp.metabolism
2022-06-07 00:49:01 INFO::Fitting model to feature number 111, PROPFERM.PWY..superpathway.of.L.alanine.fermentation..Stickland.reaction.
2022-06-07 00:49:01 INFO::Fitting model to feature number 112, PROTOCATECHUATE.ORTHO.CLEAVAGE.PWY..protocatechuate.degradation.II..ortho.cleavage.pathway.
2022-06-07 00:49:01 INFO::Fitting model to feature number 113, PRPP.PWY..superpathway.of.histidine..purine..and.pyrimidine.biosynthesis
2022-06-07 00:49:01 INFO::Fitting model to feature number 114, PWY.1042..glycolysis.IV
2022-06-07 00:49:01 INFO::Fitting model to feature number 115, PWY.1269..CMP.3.deoxy.D.manno.octulosonate.biosynthesis
2022-06-07 00:49:01 INFO::Fitting model to feature number 116, PWY.1541..superpathway.of.taurine.degradation
2022-06-07 00:49:01 INFO::Fitting model to feature number 117, PWY.1861..formaldehyde.assimilation.II..assimilatory.RuMP.Cycle.
2022-06-07 00:49:01 INFO::Fitting model to feature number 118, PWY.241..C4.photosynthetic.carbon.assimilation.cycle..NADP.ME.type
2022-06-07 00:49:01 INFO::Fitting model to feature number 119, PWY.2723..trehalose.degradation.V
2022-06-07 00:49:01 INFO::Fitting model to feature number 120, PWY.2941..L.lysine.biosynthesis.II
2022-06-07 00:49:01 INFO::Fitting model to feature number 121, PWY.2942..L.lysine.biosynthesis.III
2022-06-07 00:49:01 INFO::Fitting model to feature number 122, PWY.3001..superpathway.of.L.isoleucine.biosynthesis.I
2022-06-07 00:49:01 INFO::Fitting model to feature number 123, PWY.3841..folate.transformations.II..plants.
2022-06-07 00:49:01 INFO::Fitting model to feature number 124, PWY.4041...gamma..glutamyl.cycle
2022-06-07 00:49:01 INFO::Fitting model to feature number 125, PWY.4242
2022-06-07 00:49:01 INFO::Fitting model to feature number 126, PWY.4321..L.glutamate.degradation.IV
2022-06-07 00:49:01 INFO::Fitting model to feature number 127, PWY.4702..phytate.degradation.I
2022-06-07 00:49:01 INFO::Fitting model to feature number 128, PWY.4722..creatinine.degradation.II
2022-06-07 00:49:01 INFO::Fitting model to feature number 129, PWY.4981..L.proline.biosynthesis.II..from.arginine.
2022-06-07 00:49:01 INFO::Fitting model to feature number 130, PWY.4984..urea.cycle
2022-06-07 00:49:01 INFO::Fitting model to feature number 131, PWY.5005..biotin.biosynthesis.II
2022-06-07 00:49:01 INFO::Fitting model to feature number 132, PWY.5022..4.aminobutanoate.degradation.V
2022-06-07 00:49:01 INFO::Fitting model to feature number 133, PWY.5028..L.histidine.degradation.II
2022-06-07 00:49:01 INFO::Fitting model to feature number 134, PWY.5030..L.histidine.degradation.III
2022-06-07 00:49:01 INFO::Fitting model to feature number 135, PWY.5083..NAD.P..NADPH.interconversion
2022-06-07 00:49:01 INFO::Fitting model to feature number 136, PWY.5088..L.glutamate.degradation.VIII..to.propanoate.
2022-06-07 00:49:01 INFO::Fitting model to feature number 137, PWY.5097..L.lysine.biosynthesis.VI
2022-06-07 00:49:01 INFO::Fitting model to feature number 138, PWY.5100..pyruvate.fermentation.to.acetate.and.lactate.II
2022-06-07 00:49:01 INFO::Fitting model to feature number 139, PWY.5101..L.isoleucine.biosynthesis.II
2022-06-07 00:49:01 INFO::Fitting model to feature number 140, PWY.5103..L.isoleucine.biosynthesis.III
2022-06-07 00:49:01 INFO::Fitting model to feature number 141, PWY.5104..L.isoleucine.biosynthesis.IV
2022-06-07 00:49:01 INFO::Fitting model to feature number 142, PWY.5121..superpathway.of.geranylgeranyl.diphosphate.biosynthesis.II..via.MEP.
2022-06-07 00:49:01 INFO::Fitting model to feature number 143, PWY.5154..L.arginine.biosynthesis.III..via.N.acetyl.L.citrulline.
2022-06-07 00:49:01 INFO::Fitting model to feature number 144, PWY.5173
2022-06-07 00:49:01 INFO::Fitting model to feature number 145, PWY.5180..toluene.degradation.I..aerobic...via.o.cresol.
2022-06-07 00:49:01 INFO::Fitting model to feature number 146, PWY.5181..toluene.degradation.III..aerobic...via.p.cresol.
2022-06-07 00:49:01 INFO::Fitting model to feature number 147, PWY.5182..toluene.degradation.II..aerobic...via.4.methylcatechol.
2022-06-07 00:49:01 INFO::Fitting model to feature number 148, PWY.5188..tetrapyrrole.biosynthesis.I..from.glutamate.
2022-06-07 00:49:01 INFO::Fitting model to feature number 149, PWY.5189..tetrapyrrole.biosynthesis.II..from.glycine.
2022-06-07 00:49:01 INFO::Fitting model to feature number 150, PWY.5265..peptidoglycan.biosynthesis.II..staphylococci.
2022-06-07 00:49:01 INFO::Fitting model to feature number 151, PWY.5304..superpathway.of.sulfur.oxidation..Acidianus.ambivalens.
2022-06-07 00:49:01 INFO::Fitting model to feature number 152, PWY.5345..superpathway.of.L.methionine.biosynthesis..by.sulfhydrylation.
2022-06-07 00:49:01 INFO::Fitting model to feature number 153, PWY.5347..superpathway.of.L.methionine.biosynthesis..transsulfuration.
2022-06-07 00:49:01 INFO::Fitting model to feature number 154, PWY.5367..petroselinate.biosynthesis
2022-06-07 00:49:01 INFO::Fitting model to feature number 155, PWY.5384..sucrose.degradation.IV..sucrose.phosphorylase.
2022-06-07 00:49:01 INFO::Fitting model to feature number 156, PWY.5392..reductive.TCA.cycle.II
2022-06-07 00:49:01 INFO::Fitting model to feature number 157, PWY.5415..catechol.degradation.I..meta.cleavage.pathway.
2022-06-07 00:49:01 INFO::Fitting model to feature number 158, PWY.5417..catechol.degradation.III..ortho.cleavage.pathway.
2022-06-07 00:49:01 INFO::Fitting model to feature number 159, PWY.5431..aromatic.compounds.degradation.via..beta..ketoadipate
2022-06-07 00:49:01 INFO::Fitting model to feature number 160, PWY.5464..superpathway.of.cytosolic.glycolysis..plants...pyruvate.dehydrogenase.and.TCA.cycle
2022-06-07 00:49:01 INFO::Fitting model to feature number 161, PWY.5484..glycolysis.II..from.fructose.6.phosphate.
2022-06-07 00:49:01 INFO::Fitting model to feature number 162, PWY.5497..purine.nucleobases.degradation.II..anaerobic.
2022-06-07 00:49:01 INFO::Fitting model to feature number 163, PWY.5505..L.glutamate.and.L.glutamine.biosynthesis
2022-06-07 00:49:01 INFO::Fitting model to feature number 164, PWY.5654..2.amino.3.carboxymuconate.semialdehyde.degradation.to.2.hydroxypentadienoate
2022-06-07 00:49:01 INFO::Fitting model to feature number 165, PWY.5656..mannosylglycerate.biosynthesis.I
2022-06-07 00:49:01 INFO::Fitting model to feature number 166, PWY.5659..GDP.mannose.biosynthesis
2022-06-07 00:49:01 INFO::Fitting model to feature number 167, PWY.5667..CDP.diacylglycerol.biosynthesis.I
2022-06-07 00:49:01 INFO::Fitting model to feature number 168, PWY.5675..nitrate.reduction.V..assimilatory.
2022-06-07 00:49:01 INFO::Fitting model to feature number 169, PWY.5676..acetyl.CoA.fermentation.to.butanoate.II
2022-06-07 00:49:01 INFO::Fitting model to feature number 170, PWY.5677..succinate.fermentation.to.butanoate
2022-06-07 00:49:01 INFO::Fitting model to feature number 171, PWY.5686..UMP.biosynthesis.I
2022-06-07 00:49:01 INFO::Fitting model to feature number 172, PWY.5690..TCA.cycle.II..plants.and.fungi.
2022-06-07 00:49:01 INFO::Fitting model to feature number 173, PWY.5692..allantoin.degradation.to.glyoxylate.II
2022-06-07 00:49:01 INFO::Fitting model to feature number 174, PWY.5695..inosine.5.phosphate.degradation
2022-06-07 00:49:01 INFO::Fitting model to feature number 175, PWY.5705..allantoin.degradation.to.glyoxylate.III
2022-06-07 00:49:01 INFO::Fitting model to feature number 176, PWY.5723..Rubisco.shunt
2022-06-07 00:49:01 INFO::Fitting model to feature number 177, PWY.5747..2.methylcitrate.cycle.II
2022-06-07 00:49:01 INFO::Fitting model to feature number 178, PWY.5791
2022-06-07 00:49:01 INFO::Fitting model to feature number 179, PWY.5837..2.carboxy.1.4.naphthoquinol.biosynthesis
2022-06-07 00:49:01 INFO::Fitting model to feature number 180, PWY.5838..superpathway.of.menaquinol.8.biosynthesis.I
2022-06-07 00:49:01 INFO::Fitting model to feature number 181, PWY.5840..superpathway.of.menaquinol.7.biosynthesis
2022-06-07 00:49:01 INFO::Fitting model to feature number 182, PWY.5845..superpathway.of.menaquinol.9.biosynthesis
2022-06-07 00:49:01 INFO::Fitting model to feature number 183, PWY.5850..superpathway.of.menaquinol.6.biosynthesis
2022-06-07 00:49:01 INFO::Fitting model to feature number 184, PWY.5855..ubiquinol.7.biosynthesis..early.decarboxylation.
2022-06-07 00:49:01 INFO::Fitting model to feature number 185, PWY.5856..ubiquinol.9.biosynthesis..early.decarboxylation.
2022-06-07 00:49:01 INFO::Fitting model to feature number 186, PWY.5857..ubiquinol.10.biosynthesis..early.decarboxylation.
2022-06-07 00:49:01 INFO::Fitting model to feature number 187, PWY.5860..superpathway.of.demethylmenaquinol.6.biosynthesis.I
2022-06-07 00:49:01 INFO::Fitting model to feature number 188, PWY.5861..superpathway.of.demethylmenaquinol.8.biosynthesis.I
2022-06-07 00:49:01 INFO::Fitting model to feature number 189, PWY.5862..superpathway.of.demethylmenaquinol.9.biosynthesis
2022-06-07 00:49:01 INFO::Fitting model to feature number 190, PWY.5863..superpathway.of.phylloquinol.biosynthesis
2022-06-07 00:49:01 INFO::Fitting model to feature number 191, PWY.5896..superpathway.of.menaquinol.10.biosynthesis
2022-06-07 00:49:01 INFO::Fitting model to feature number 192, PWY.5897..superpathway.of.menaquinol.11.biosynthesis
2022-06-07 00:49:01 INFO::Fitting model to feature number 193, PWY.5898..superpathway.of.menaquinol.12.biosynthesis
2022-06-07 00:49:01 INFO::Fitting model to feature number 194, PWY.5899..superpathway.of.menaquinol.13.biosynthesis
2022-06-07 00:49:01 INFO::Fitting model to feature number 195, PWY.5910..superpathway.of.geranylgeranyldiphosphate.biosynthesis.I..via.mevalonate.
2022-06-07 00:49:01 INFO::Fitting model to feature number 196, PWY.5913..partial.TCA.cycle..obligate.autotrophs.
2022-06-07 00:49:01 INFO::Fitting model to feature number 197, PWY.5918..superpathway.of.heme.b.biosynthesis.from.glutamate
2022-06-07 00:49:01 INFO::Fitting model to feature number 198, PWY.5920..superpathway.of.heme.b.biosynthesis.from.glycine
2022-06-07 00:49:01 INFO::Fitting model to feature number 199, PWY.5971..palmitate.biosynthesis..type.II.fatty.acid.synthase.
2022-06-07 00:49:01 INFO::Fitting model to feature number 200, PWY.5973..cis.vaccenate.biosynthesis
2022-06-07 00:49:01 INFO::Fitting model to feature number 201, PWY.5989..stearate.biosynthesis.II..bacteria.and.plants.
2022-06-07 00:49:01 INFO::Fitting model to feature number 202, PWY.5994..palmitate.biosynthesis..type.I.fatty.acid.synthase.
2022-06-07 00:49:01 INFO::Fitting model to feature number 203, PWY.6121..5.aminoimidazole.ribonucleotide.biosynthesis.I
2022-06-07 00:49:01 INFO::Fitting model to feature number 204, PWY.6122..5.aminoimidazole.ribonucleotide.biosynthesis.II
2022-06-07 00:49:01 INFO::Fitting model to feature number 205, PWY.6123..inosine.5.phosphate.biosynthesis.I
2022-06-07 00:49:01 INFO::Fitting model to feature number 206, PWY.6124..inosine.5.phosphate.biosynthesis.II
2022-06-07 00:49:01 INFO::Fitting model to feature number 207, PWY.6125..superpathway.of.guanosine.nucleotides.de.novo.biosynthesis.II
2022-06-07 00:49:01 INFO::Fitting model to feature number 208, PWY.6126..superpathway.of.adenosine.nucleotides.de.novo.biosynthesis.II
2022-06-07 00:49:01 INFO::Fitting model to feature number 209, PWY.6143..CMP.pseudaminate.biosynthesis
2022-06-07 00:49:01 INFO::Fitting model to feature number 210, PWY.6145..superpathway.of.CMP.sialic.acids.biosynthesis
2022-06-07 00:49:01 INFO::Fitting model to feature number 211, PWY.6147..6.hydroxymethyl.dihydropterin.diphosphate.biosynthesis.I
2022-06-07 00:49:01 INFO::Fitting model to feature number 212, PWY.6151..S.adenosyl.L.methionine.salvage.I
2022-06-07 00:49:01 INFO::Fitting model to feature number 213, PWY.6163..chorismate.biosynthesis.from.3.dehydroquinate
2022-06-07 00:49:01 INFO::Fitting model to feature number 214, PWY.6167..flavin.biosynthesis.II..archaea.
2022-06-07 00:49:01 INFO::Fitting model to feature number 215, PWY.6168..flavin.biosynthesis.III..fungi.
2022-06-07 00:49:01 INFO::Fitting model to feature number 216, PWY.6174..mevalonate.pathway.II..haloarchaea.
2022-06-07 00:49:01 INFO::Fitting model to feature number 217, PWY.6182..superpathway.of.salicylate.degradation
2022-06-07 00:49:01 INFO::Fitting model to feature number 218, PWY.6185..4.methylcatechol.degradation..ortho.cleavage.
2022-06-07 00:49:01 INFO::Fitting model to feature number 219, PWY.6210..2.aminophenol.degradation
2022-06-07 00:49:01 INFO::Fitting model to feature number 220, PWY.6215..4.chlorobenzoate.degradation
2022-06-07 00:49:01 INFO::Fitting model to feature number 221, PWY.622..starch.biosynthesis
2022-06-07 00:49:01 INFO::Fitting model to feature number 222, PWY.6263..superpathway.of.menaquinol.8.biosynthesis.II
2022-06-07 00:49:01 INFO::Fitting model to feature number 223, PWY.6270..isoprene.biosynthesis.I
2022-06-07 00:49:01 INFO::Fitting model to feature number 224, PWY.6277..superpathway.of.5.aminoimidazole.ribonucleotide.biosynthesis
2022-06-07 00:49:01 INFO::Fitting model to feature number 225, PWY.6282..palmitoleate.biosynthesis.I..from..5Z..dodec.5.enoate.
2022-06-07 00:49:01 INFO::Fitting model to feature number 226, PWY.6284..superpathway.of.unsaturated.fatty.acids.biosynthesis..E..coli.
2022-06-07 00:49:01 INFO::Fitting model to feature number 227, PWY.6285..superpathway.of.fatty.acids.biosynthesis..E..coli.
2022-06-07 00:49:01 INFO::Fitting model to feature number 228, PWY.6305..superpathway.of.putrescine.biosynthesis
2022-06-07 00:49:01 INFO::Fitting model to feature number 229, PWY.6317..D.galactose.degradation.I..Leloir.pathway.
2022-06-07 00:49:01 INFO::Fitting model to feature number 230, PWY.6318..L.phenylalanine.degradation.IV..mammalian..via.side.chain.
2022-06-07 00:49:01 INFO::Fitting model to feature number 231, PWY.6349..CDP.archaeol.biosynthesis
2022-06-07 00:49:01 INFO::Fitting model to feature number 232, PWY.6350..archaetidylinositol.biosynthesis
2022-06-07 00:49:01 INFO::Fitting model to feature number 233, PWY.6353..purine.nucleotides.degradation.II..aerobic.
2022-06-07 00:49:01 INFO::Fitting model to feature number 234, PWY.6385..peptidoglycan.biosynthesis.III..mycobacteria.
2022-06-07 00:49:01 INFO::Fitting model to feature number 235, PWY.6386..UDP.N.acetylmuramoyl.pentapeptide.biosynthesis.II..lysine.containing.
2022-06-07 00:49:01 INFO::Fitting model to feature number 236, PWY.6387..UDP.N.acetylmuramoyl.pentapeptide.biosynthesis.I..meso.diaminopimelate.containing.
2022-06-07 00:49:01 INFO::Fitting model to feature number 237, PWY.6396..superpathway.of.2.3.butanediol.biosynthesis
2022-06-07 00:49:01 INFO::Fitting model to feature number 238, PWY.6470..peptidoglycan.biosynthesis.V...beta..lactam.resistance.
2022-06-07 00:49:01 INFO::Fitting model to feature number 239, PWY.6471..peptidoglycan.biosynthesis.IV..Enterococcus.faecium.
2022-06-07 00:49:02 INFO::Fitting model to feature number 240, PWY.6478..GDP.D.glycero..alpha..D.manno.heptose.biosynthesis
2022-06-07 00:49:02 INFO::Fitting model to feature number 241, PWY.6507..4.deoxy.L.threo.hex.4.enopyranuronate.degradation
2022-06-07 00:49:02 INFO::Fitting model to feature number 242, PWY.6519..8.amino.7.oxononanoate.biosynthesis.I
2022-06-07 00:49:02 INFO::Fitting model to feature number 243, PWY.6527..stachyose.degradation
2022-06-07 00:49:02 INFO::Fitting model to feature number 244, PWY.6531..mannitol.cycle
2022-06-07 00:49:02 INFO::Fitting model to feature number 245, PWY.6545..pyrimidine.deoxyribonucleotides.de.novo.biosynthesis.III
2022-06-07 00:49:02 INFO::Fitting model to feature number 246, PWY.6549..L.glutamine.biosynthesis.III
2022-06-07 00:49:02 INFO::Fitting model to feature number 247, PWY.6562..norspermidine.biosynthesis
2022-06-07 00:49:02 INFO::Fitting model to feature number 248, PWY.6572..chondroitin.sulfate.degradation.I..bacterial.
2022-06-07 00:49:02 INFO::Fitting model to feature number 249, PWY.6588..pyruvate.fermentation.to.acetone
2022-06-07 00:49:02 INFO::Fitting model to feature number 250, PWY.6590..superpathway.of.Clostridium.acetobutylicum.acidogenic.fermentation
2022-06-07 00:49:02 INFO::Fitting model to feature number 251, PWY.6595..superpathway.of.guanosine.nucleotides.degradation..plants.
2022-06-07 00:49:02 INFO::Fitting model to feature number 252, PWY.6606..guanosine.nucleotides.degradation.II
2022-06-07 00:49:02 INFO::Fitting model to feature number 253, PWY.6608..guanosine.nucleotides.degradation.III
2022-06-07 00:49:02 INFO::Fitting model to feature number 254, PWY.6609..adenine.and.adenosine.salvage.III
2022-06-07 00:49:02 INFO::Fitting model to feature number 255, PWY.6612..superpathway.of.tetrahydrofolate.biosynthesis
2022-06-07 00:49:02 INFO::Fitting model to feature number 256, PWY.6630..superpathway.of.L.tyrosine.biosynthesis
2022-06-07 00:49:02 INFO::Fitting model to feature number 257, PWY.6690..cinnamate.and.3.hydroxycinnamate.degradation.to.2.hydroxypentadienoate
2022-06-07 00:49:02 INFO::Fitting model to feature number 258, PWY.6700..queuosine.biosynthesis.I..de.novo.
2022-06-07 00:49:02 INFO::Fitting model to feature number 259, PWY.6703..preQ0.biosynthesis
2022-06-07 00:49:02 INFO::Fitting model to feature number 260, PWY.6708..ubiquinol.8.biosynthesis..early.decarboxylation.
2022-06-07 00:49:02 INFO::Fitting model to feature number 261, PWY.6731..starch.degradation.III
2022-06-07 00:49:02 INFO::Fitting model to feature number 262, PWY.6737..starch.degradation.V
2022-06-07 00:49:02 INFO::Fitting model to feature number 263, PWY.6749..CMP.legionaminate.biosynthesis.I
2022-06-07 00:49:02 INFO::Fitting model to feature number 264, PWY.6797..6.hydroxymethyl.dihydropterin.diphosphate.biosynthesis.II..Methanocaldococcus.
2022-06-07 00:49:02 INFO::Fitting model to feature number 265, PWY.6803..phosphatidylcholine.acyl.editing
2022-06-07 00:49:02 INFO::Fitting model to feature number 266, PWY.6823..molybdopterin.biosynthesis
2022-06-07 00:49:02 INFO::Fitting model to feature number 267, PWY.6859..all.trans.farnesol.biosynthesis
2022-06-07 00:49:02 INFO::Fitting model to feature number 268, PWY.6863..pyruvate.fermentation.to.hexanol..engineered.
2022-06-07 00:49:02 INFO::Fitting model to feature number 269, PWY.6876..isopropanol.biosynthesis..engineered.
2022-06-07 00:49:02 INFO::Fitting model to feature number 270, PWY.6892..thiazole.component.of.thiamine.diphosphate.biosynthesis.I
2022-06-07 00:49:02 INFO::Fitting model to feature number 271, PWY.6897..thiamine.diphosphate.salvage.II
2022-06-07 00:49:02 INFO::Fitting model to feature number 272, PWY.6901..superpathway.of.glucose.and.xylose.degradation
2022-06-07 00:49:02 INFO::Fitting model to feature number 273, PWY.6936..seleno.amino.acid.biosynthesis..plants.
2022-06-07 00:49:02 INFO::Fitting model to feature number 274, PWY.6953..dTDP.3.acetamido..alpha..D.fucose.biosynthesis
2022-06-07 00:49:02 INFO::Fitting model to feature number 275, PWY.6969..TCA.cycle.V..2.oxoglutarate.synthase.
2022-06-07 00:49:02 INFO::Fitting model to feature number 276, PWY.7003..glycerol.degradation.to.butanol
2022-06-07 00:49:02 INFO::Fitting model to feature number 277, PWY.7013...S..propane.1.2.diol.degradation
2022-06-07 00:49:02 INFO::Fitting model to feature number 278, PWY.7031..protein.N.glycosylation..bacterial.
2022-06-07 00:49:02 INFO::Fitting model to feature number 279, PWY.7039..phosphatidate.metabolism..as.a.signaling.molecule
2022-06-07 00:49:02 INFO::Fitting model to feature number 280, PWY.7090..UDP.2.3.diacetamido.2.3.dideoxy..alpha..D.mannuronate.biosynthesis
2022-06-07 00:49:02 INFO::Fitting model to feature number 281, PWY.7094..fatty.acid.salvage
2022-06-07 00:49:02 INFO::Fitting model to feature number 282, PWY.7111..pyruvate.fermentation.to.isobutanol..engineered.
2022-06-07 00:49:02 INFO::Fitting model to feature number 283, PWY.7115..C4.photosynthetic.carbon.assimilation.cycle..NAD.ME.type
2022-06-07 00:49:02 INFO::Fitting model to feature number 284, PWY.7117..C4.photosynthetic.carbon.assimilation.cycle..PEPCK.type
2022-06-07 00:49:02 INFO::Fitting model to feature number 285, PWY.7118..chitin.deacetylation
2022-06-07 00:49:02 INFO::Fitting model to feature number 286, PWY.7165..L.ascorbate.biosynthesis.VIII..engineered.pathway.
2022-06-07 00:49:02 INFO::Fitting model to feature number 287, PWY.7184..pyrimidine.deoxyribonucleotides.de.novo.biosynthesis.I
2022-06-07 00:49:02 INFO::Fitting model to feature number 288, PWY.7187..pyrimidine.deoxyribonucleotides.de.novo.biosynthesis.II
2022-06-07 00:49:02 INFO::Fitting model to feature number 289, PWY.7196..superpathway.of.pyrimidine.ribonucleosides.salvage
2022-06-07 00:49:02 INFO::Fitting model to feature number 290, PWY.7197..pyrimidine.deoxyribonucleotide.phosphorylation
2022-06-07 00:49:02 INFO::Fitting model to feature number 291, PWY.7198..pyrimidine.deoxyribonucleotides.de.novo.biosynthesis.IV
2022-06-07 00:49:02 INFO::Fitting model to feature number 292, PWY.7199..pyrimidine.deoxyribonucleosides.salvage
2022-06-07 00:49:02 INFO::Fitting model to feature number 293, PWY.7200..superpathway.of.pyrimidine.deoxyribonucleoside.salvage
2022-06-07 00:49:02 INFO::Fitting model to feature number 294, PWY.7204..pyridoxal.5.phosphate.salvage.II..plants.
2022-06-07 00:49:02 INFO::Fitting model to feature number 295, PWY.7208..superpathway.of.pyrimidine.nucleobases.salvage
2022-06-07 00:49:02 INFO::Fitting model to feature number 296, PWY.7209..superpathway.of.pyrimidine.ribonucleosides.degradation
2022-06-07 00:49:02 INFO::Fitting model to feature number 297, PWY.7210..pyrimidine.deoxyribonucleotides.biosynthesis.from.CTP
2022-06-07 00:49:02 INFO::Fitting model to feature number 298, PWY.7211..superpathway.of.pyrimidine.deoxyribonucleotides.de.novo.biosynthesis
2022-06-07 00:49:02 INFO::Fitting model to feature number 299, PWY.7219..adenosine.ribonucleotides.de.novo.biosynthesis
2022-06-07 00:49:02 INFO::Fitting model to feature number 300, PWY.7220..adenosine.deoxyribonucleotides.de.novo.biosynthesis.II
2022-06-07 00:49:02 INFO::Fitting model to feature number 301, PWY.7221..guanosine.ribonucleotides.de.novo.biosynthesis
2022-06-07 00:49:02 INFO::Fitting model to feature number 302, PWY.7222..guanosine.deoxyribonucleotides.de.novo.biosynthesis.II
2022-06-07 00:49:02 INFO::Fitting model to feature number 303, PWY.7228..superpathway.of.guanosine.nucleotides.de.novo.biosynthesis.I
2022-06-07 00:49:02 INFO::Fitting model to feature number 304, PWY.7229..superpathway.of.adenosine.nucleotides.de.novo.biosynthesis.I
2022-06-07 00:49:02 INFO::Fitting model to feature number 305, PWY.7234..inosine.5.phosphate.biosynthesis.III
2022-06-07 00:49:02 INFO::Fitting model to feature number 306, PWY.7237..myo...chiro..and.scyllo.inositol.degradation
2022-06-07 00:49:02 INFO::Fitting model to feature number 307, PWY.724..superpathway.of.L.lysine..L.threonine.and.L.methionine.biosynthesis.II
2022-06-07 00:49:02 INFO::Fitting model to feature number 308, PWY.7242..D.fructuronate.degradation
2022-06-07 00:49:02 INFO::Fitting model to feature number 309, PWY.7245..superpathway.of.NAD.NADP...NADH.NADPH.interconversion..yeast.
2022-06-07 00:49:02 INFO::Fitting model to feature number 310, PWY.7254..TCA.cycle.VII..acetate.producers.
2022-06-07 00:49:02 INFO::Fitting model to feature number 311, PWY.7268..cytosolic.NADPH.production..yeast.
2022-06-07 00:49:02 INFO::Fitting model to feature number 312, PWY.7269..mitochondrial.NADPH.production..yeast.
2022-06-07 00:49:02 INFO::Fitting model to feature number 313, PWY.7282..4.amino.2.methyl.5.diphosphomethylpyrimidine.biosynthesis.II
2022-06-07 00:49:02 INFO::Fitting model to feature number 314, PWY.7286..7..3.amino.3.carboxypropyl..wyosine.biosynthesis
2022-06-07 00:49:02 INFO::Fitting model to feature number 315, PWY.7294..D.xylose.degradation.IV
2022-06-07 00:49:02 INFO::Fitting model to feature number 316, PWY.7312..dTDP..beta..D.fucofuranose.biosynthesis
2022-06-07 00:49:02 INFO::Fitting model to feature number 317, PWY.7315..dTDP.N.acetylthomosamine.biosynthesis
2022-06-07 00:49:02 INFO::Fitting model to feature number 318, PWY.7316..dTDP.N.acetylviosamine.biosynthesis
2022-06-07 00:49:02 INFO::Fitting model to feature number 319, PWY.7323..superpathway.of.GDP.mannose.derived.O.antigen.building.blocks.biosynthesis
2022-06-07 00:49:02 INFO::Fitting model to feature number 320, PWY.7328..superpathway.of.UDP.glucose.derived.O.antigen.building.blocks.biosynthesis
2022-06-07 00:49:02 INFO::Fitting model to feature number 321, PWY.7332..superpathway.of.UDP.N.acetylglucosamine.derived.O.antigen.building.blocks.biosynthesis
2022-06-07 00:49:02 INFO::Fitting model to feature number 322, PWY.7357..thiamine.phosphate.formation.from.pyrithiamine.and.oxythiamine..yeast.
2022-06-07 00:49:02 INFO::Fitting model to feature number 323, PWY.7371..1.4.dihydroxy.6.naphthoate.biosynthesis.II
2022-06-07 00:49:02 INFO::Fitting model to feature number 324, PWY.7374..1.4.dihydroxy.6.naphthoate.biosynthesis.I
2022-06-07 00:49:02 INFO::Fitting model to feature number 325, PWY.7383..anaerobic.energy.metabolism..invertebrates..cytosol.
2022-06-07 00:49:02 INFO::Fitting model to feature number 326, PWY.7384..anaerobic.energy.metabolism..invertebrates..mitochondrial.
2022-06-07 00:49:02 INFO::Fitting model to feature number 327, PWY.7385..1.3.propanediol.biosynthesis..engineered.
2022-06-07 00:49:02 INFO::Fitting model to feature number 328, PWY.7388..octanoyl..acyl.carrier.protein..biosynthesis..mitochondria..yeast.
2022-06-07 00:49:02 INFO::Fitting model to feature number 329, PWY.7389..superpathway.of.anaerobic.energy.metabolism..invertebrates.
2022-06-07 00:49:02 INFO::Fitting model to feature number 330, PWY.7391..isoprene.biosynthesis.II..engineered.
2022-06-07 00:49:02 INFO::Fitting model to feature number 331, PWY.7392..taxadiene.biosynthesis..engineered.
2022-06-07 00:49:02 INFO::Fitting model to feature number 332, PWY.7399..methylphosphonate.degradation.II
2022-06-07 00:49:02 INFO::Fitting model to feature number 333, PWY.7400..L.arginine.biosynthesis.IV..archaebacteria.
2022-06-07 00:49:02 INFO::Fitting model to feature number 334, PWY.7409..phospholipid.remodeling..phosphatidylethanolamine..yeast.
2022-06-07 00:49:02 INFO::Fitting model to feature number 335, PWY.7446..sulfoquinovose.degradation.I
2022-06-07 00:49:02 INFO::Fitting model to feature number 336, PWY.7456...beta...1.4..mannan.degradation
2022-06-07 00:49:02 INFO::Fitting model to feature number 337, PWY.7539..6.hydroxymethyl.dihydropterin.diphosphate.biosynthesis.III..Chlamydia.
2022-06-07 00:49:02 INFO::Fitting model to feature number 338, PWY.7560..methylerythritol.phosphate.pathway.II
2022-06-07 00:49:02 INFO::Fitting model to feature number 339, PWY.7616..methanol.oxidation.to.carbon.dioxide
2022-06-07 00:49:02 INFO::Fitting model to feature number 340, PWY.7663..gondoate.biosynthesis..anaerobic.
2022-06-07 00:49:02 INFO::Fitting model to feature number 341, PWY.7664..oleate.biosynthesis.IV..anaerobic.
2022-06-07 00:49:02 INFO::Fitting model to feature number 342, PWY.821..superpathway.of.sulfur.amino.acid.biosynthesis..Saccharomyces.cerevisiae.
2022-06-07 00:49:02 INFO::Fitting model to feature number 343, PWY.841..superpathway.of.purine.nucleotides.de.novo.biosynthesis.I
2022-06-07 00:49:02 INFO::Fitting model to feature number 344, PWY.922..mevalonate.pathway.I..eukaryotes.and.bacteria.
2022-06-07 00:49:02 INFO::Fitting model to feature number 345, PWY0.1061..superpathway.of.L.alanine.biosynthesis
2022-06-07 00:49:02 INFO::Fitting model to feature number 346, PWY0.1241..ADP.L.glycero..beta..D.manno.heptose.biosynthesis
2022-06-07 00:49:02 INFO::Fitting model to feature number 347, PWY0.1261..anhydromuropeptides.recycling.I
2022-06-07 00:49:02 INFO::Fitting model to feature number 348, PWY0.1277..3.phenylpropanoate.and.3..3.hydroxyphenyl.propanoate.degradation
2022-06-07 00:49:02 INFO::Fitting model to feature number 349, PWY0.1296..purine.ribonucleosides.degradation
2022-06-07 00:49:02 INFO::Fitting model to feature number 350, PWY0.1297..superpathway.of.purine.deoxyribonucleosides.degradation
2022-06-07 00:49:02 INFO::Fitting model to feature number 351, PWY0.1298..superpathway.of.pyrimidine.deoxyribonucleosides.degradation
2022-06-07 00:49:02 INFO::Fitting model to feature number 352, PWY0.1319..CDP.diacylglycerol.biosynthesis.II
2022-06-07 00:49:02 INFO::Fitting model to feature number 353, PWY0.1338..polymyxin.resistance
2022-06-07 00:49:02 INFO::Fitting model to feature number 354, PWY0.1415..superpathway.of.heme.b.biosynthesis.from.uroporphyrinogen.III
2022-06-07 00:49:02 INFO::Fitting model to feature number 355, PWY0.1479..tRNA.processing
2022-06-07 00:49:02 INFO::Fitting model to feature number 356, PWY0.1533..methylphosphonate.degradation.I
2022-06-07 00:49:02 INFO::Fitting model to feature number 357, PWY0.1586..peptidoglycan.maturation..meso.diaminopimelate.containing.
2022-06-07 00:49:02 INFO::Fitting model to feature number 358, PWY0.162..superpathway.of.pyrimidine.ribonucleotides.de.novo.biosynthesis
2022-06-07 00:49:02 INFO::Fitting model to feature number 359, PWY0.166..superpathway.of.pyrimidine.deoxyribonucleotides.de.novo.biosynthesis..E..coli.
2022-06-07 00:49:02 INFO::Fitting model to feature number 360, PWY0.41..allantoin.degradation.IV..anaerobic.
2022-06-07 00:49:02 INFO::Fitting model to feature number 361, PWY0.42..2.methylcitrate.cycle.I
2022-06-07 00:49:02 INFO::Fitting model to feature number 362, PWY0.781..aspartate.superpathway
2022-06-07 00:49:02 INFO::Fitting model to feature number 363, PWY0.845..superpathway.of.pyridoxal.5.phosphate.biosynthesis.and.salvage
2022-06-07 00:49:02 INFO::Fitting model to feature number 364, PWY0.862...5Z..dodecenoate.biosynthesis.I
2022-06-07 00:49:02 INFO::Fitting model to feature number 365, PWY0.881..superpathway.of.fatty.acid.biosynthesis.I..E..coli.
2022-06-07 00:49:02 INFO::Fitting model to feature number 366, PWY1G.0..mycothiol.biosynthesis
2022-06-07 00:49:02 INFO::Fitting model to feature number 367, PWY3DJ.35471..L.ascorbate.biosynthesis.IV..animals..D.glucuronate.pathway.
2022-06-07 00:49:02 INFO::Fitting model to feature number 368, PWY3O.355..stearate.biosynthesis.III..fungi.
2022-06-07 00:49:02 INFO::Fitting model to feature number 369, PWY490.3..nitrate.reduction.VI..assimilatory.
2022-06-07 00:49:02 INFO::Fitting model to feature number 370, PWY4FS.7..phosphatidylglycerol.biosynthesis.I..plastidic.
2022-06-07 00:49:02 INFO::Fitting model to feature number 371, PWY4FS.8..phosphatidylglycerol.biosynthesis.II..non.plastidic.
2022-06-07 00:49:02 INFO::Fitting model to feature number 372, PWY4LZ.257..superpathway.of.fermentation..Chlamydomonas.reinhardtii.
2022-06-07 00:49:02 INFO::Fitting model to feature number 373, PWY66.367..ketogenesis
2022-06-07 00:49:02 INFO::Fitting model to feature number 374, PWY66.388..ceramide.degradation.by..alpha..oxidation
2022-06-07 00:49:02 INFO::Fitting model to feature number 375, PWY66.389..phytol.degradation
2022-06-07 00:49:02 INFO::Fitting model to feature number 376, PWY66.398..TCA.cycle.III..animals.
2022-06-07 00:49:02 INFO::Fitting model to feature number 377, PWY66.399..gluconeogenesis.III
2022-06-07 00:49:02 INFO::Fitting model to feature number 378, PWY66.409..superpathway.of.purine.nucleotide.salvage
2022-06-07 00:49:02 INFO::Fitting model to feature number 379, PWY66.422
2022-06-07 00:49:02 INFO::Fitting model to feature number 380, PYRIDNUCSAL.PWY..NAD.salvage.pathway.I..PNC.VI.cycle.
2022-06-07 00:49:02 INFO::Fitting model to feature number 381, PYRIDNUCSYN.PWY..NAD.de.novo.biosynthesis.I..from.aspartate.
2022-06-07 00:49:02 INFO::Fitting model to feature number 382, PYRIDOXSYN.PWY..pyridoxal.5.phosphate.biosynthesis.I
2022-06-07 00:49:02 INFO::Fitting model to feature number 383, REDCITCYC..TCA.cycle.VI..Helicobacter.
2022-06-07 00:49:02 INFO::Fitting model to feature number 384, RHAMCAT.PWY..L.rhamnose.degradation.I
2022-06-07 00:49:02 INFO::Fitting model to feature number 385, RIBOSYN2.PWY..flavin.biosynthesis.I..bacteria.and.plants.
2022-06-07 00:49:02 INFO::Fitting model to feature number 386, RUMP.PWY..formaldehyde.oxidation.I
2022-06-07 00:49:02 INFO::Fitting model to feature number 387, SALVADEHYPOX.PWY..adenosine.nucleotides.degradation.II
2022-06-07 00:49:02 INFO::Fitting model to feature number 388, SER.GLYSYN.PWY..superpathway.of.L.serine.and.glycine.biosynthesis.I
2022-06-07 00:49:02 INFO::Fitting model to feature number 389, SO4ASSIM.PWY..assimilatory.sulfate.reduction.I
2022-06-07 00:49:02 INFO::Fitting model to feature number 390, SULFATE.CYS.PWY..superpathway.of.sulfate.assimilation.and.cysteine.biosynthesis
2022-06-07 00:49:02 INFO::Fitting model to feature number 391, TCA.GLYOX.BYPASS..superpathway.of.glyoxylate.bypass.and.TCA
2022-06-07 00:49:02 INFO::Fitting model to feature number 392, TCA..TCA.cycle.I..prokaryotic.
2022-06-07 00:49:02 INFO::Fitting model to feature number 393, TEICHOICACID.PWY..poly.glycerol.phosphate..wall.teichoic.acid.biosynthesis
2022-06-07 00:49:02 INFO::Fitting model to feature number 394, THISYN.PWY..superpathway.of.thiamine.diphosphate.biosynthesis.I
2022-06-07 00:49:02 INFO::Fitting model to feature number 395, THISYNARA.PWY..superpathway.of.thiamine.diphosphate.biosynthesis.III..eukaryotes.
2022-06-07 00:49:02 INFO::Fitting model to feature number 396, THREOCAT.PWY..superpathway.of.L.threonine.metabolism
2022-06-07 00:49:02 INFO::Fitting model to feature number 397, THRESYN.PWY..superpathway.of.L.threonine.biosynthesis
2022-06-07 00:49:02 INFO::Fitting model to feature number 398, TRNA.CHARGING.PWY..tRNA.charging
2022-06-07 00:49:02 INFO::Fitting model to feature number 399, TRPSYN.PWY..L.tryptophan.biosynthesis
2022-06-07 00:49:02 INFO::Fitting model to feature number 400, UBISYN.PWY..superpathway.of.ubiquinol.8.biosynthesis..early.decarboxylation.
2022-06-07 00:49:02 INFO::Fitting model to feature number 401, UDPNACETYLGALSYN.PWY..UDP.N.acetyl.D.glucosamine.biosynthesis.II
2022-06-07 00:49:02 INFO::Fitting model to feature number 402, UDPNAGSYN.PWY..UDP.N.acetyl.D.glucosamine.biosynthesis.I
2022-06-07 00:49:02 INFO::Fitting model to feature number 403, UNINTEGRATED
2022-06-07 00:49:02 INFO::Fitting model to feature number 404, UNMAPPED
2022-06-07 00:49:02 INFO::Fitting model to feature number 405, URDEGR.PWY..superpathway.of.allantoin.degradation.in.plants
2022-06-07 00:49:02 INFO::Fitting model to feature number 406, URSIN.PWY..ureide.biosynthesis
2022-06-07 00:49:02 INFO::Fitting model to feature number 407, VALSYN.PWY..L.valine.biosynthesis
2022-06-07 00:49:02 INFO::Counting total values for each feature
2022-06-07 00:49:02 WARNING::Deleting existing residuals file: output/5.Gene_pathway_associations/MaAsLin2_MWAS_PDvsNHC/MetaCyc_pathways/residuals.rds
2022-06-07 00:49:02 INFO::Writing residuals to file output/5.Gene_pathway_associations/MaAsLin2_MWAS_PDvsNHC/MetaCyc_pathways/residuals.rds
2022-06-07 00:49:02 WARNING::Deleting existing fitted file: output/5.Gene_pathway_associations/MaAsLin2_MWAS_PDvsNHC/MetaCyc_pathways/fitted.rds
2022-06-07 00:49:02 INFO::Writing fitted values to file output/5.Gene_pathway_associations/MaAsLin2_MWAS_PDvsNHC/MetaCyc_pathways/fitted.rds
2022-06-07 00:49:02 INFO::Writing all results to file (ordered by increasing q-values): output/5.Gene_pathway_associations/MaAsLin2_MWAS_PDvsNHC/MetaCyc_pathways/all_results.tsv
2022-06-07 00:49:02 INFO::Writing the significant results (those which are less than or equal to the threshold of 0.050000 ) to file (ordered by increasing q-values): output/5.Gene_pathway_associations/MaAsLin2_MWAS_PDvsNHC/MetaCyc_pathways/significant_results.tsv
