2022-05-26 19:28:00 INFO::Writing function arguments to log file
2022-05-26 19:28:00 DEBUG::Function arguments
2022-05-26 19:28:00 DEBUG::Output folder: output/3.Taxonomic_associations/MaAsLin2_PD_taxa_adj_covariates/Confounding_variables
2022-05-26 19:28:00 DEBUG::Min Abundance: 0.000000
2022-05-26 19:28:00 DEBUG::Min Prevalence: 0.050000
2022-05-26 19:28:00 DEBUG::Normalization: NONE
2022-05-26 19:28:00 DEBUG::Transform: LOG
2022-05-26 19:28:00 DEBUG::Analysis method: LM
2022-05-26 19:28:00 DEBUG::Max significance: 0.050000
2022-05-26 19:28:00 DEBUG::Random effects:
2022-05-26 19:28:00 DEBUG::Fixed effects:
2022-05-26 19:28:00 DEBUG::Correction method: BH
2022-05-26 19:28:00 DEBUG::Standardize: FALSE
2022-05-26 19:28:00 DEBUG::Cores: 1
2022-05-26 19:28:00 INFO::Verifying options selected are valid
2022-05-26 19:28:00 INFO::Determining format of input files
2022-05-26 19:28:00 INFO::Input format is data samples as rows and metadata samples as rows
2022-05-26 19:28:00 DEBUG::A total of 719 samples were found in both the data and metadata
2022-05-26 19:28:00 DEBUG::Reordering data/metadata to use same sample ordering
2022-05-26 19:28:00 INFO::Formula for fixed effects: expr ~  Case_status + Do_you_drink_alcohol + Laxatives + Pain_med + Depression_anxiety_mood_med + Antihistamines + Probiotic + Sleep_aid + total_seqs_scaled
2022-05-26 19:28:00 INFO::Filter data based on min abundance and min prevalence
2022-05-26 19:28:00 INFO::Total samples in data: 719
2022-05-26 19:28:00 INFO::Min samples required with min abundance for a feature not to be filtered: 35.950000
2022-05-26 19:28:00 INFO::Total filtered features: 0
2022-05-26 19:28:00 INFO::Filtered feature names from abundance and prevalence filtering:
2022-05-26 19:28:00 INFO::Total filtered features with variance filtering: 0
2022-05-26 19:28:00 INFO::Filtered feature names from variance filtering:
2022-05-26 19:28:00 INFO::Running selected normalization method: NONE
2022-05-26 19:28:00 INFO::Bypass z-score application to metadata
2022-05-26 19:28:00 INFO::Running selected transform method: LOG
2022-05-26 19:28:00 INFO::Running selected analysis method: LM
2022-05-26 19:28:00 INFO::Fitting model to feature number 1, k__Archaea.p__Euryarchaeota.c__Methanobacteria.o__Methanobacteriales.f__Methanobacteriaceae.g__Methanobrevibacter.s__Methanobrevibacter_smithii
2022-05-26 19:28:00 INFO::Fitting model to feature number 2, k__Archaea.p__Euryarchaeota.c__Thermoplasmata.o__Methanomassiliicoccales.f__Methanomassiliicoccaceae.g__Methanomassiliicoccus.s__Candidatus_Methanomassiliicoccus_intestinalis
2022-05-26 19:28:00 INFO::Fitting model to feature number 3, k__Bacteria.p__Actinobacteria.c__Actinobacteria.o__Actinomycetales.f__Actinomycetaceae.g__Actinomyces.s__Actinomyces_naeslundii
2022-05-26 19:28:00 INFO::Fitting model to feature number 4, k__Bacteria.p__Actinobacteria.c__Actinobacteria.o__Actinomycetales.f__Actinomycetaceae.g__Actinomyces.s__Actinomyces_oris
2022-05-26 19:28:00 INFO::Fitting model to feature number 5, k__Bacteria.p__Actinobacteria.c__Actinobacteria.o__Actinomycetales.f__Actinomycetaceae.g__Actinomyces.s__Actinomyces_sp_HPA0247
2022-05-26 19:28:00 INFO::Fitting model to feature number 6, k__Bacteria.p__Actinobacteria.c__Actinobacteria.o__Actinomycetales.f__Actinomycetaceae.g__Actinomyces.s__Actinomyces_sp_ICM47
2022-05-26 19:28:00 INFO::Fitting model to feature number 7, k__Bacteria.p__Actinobacteria.c__Actinobacteria.o__Actinomycetales.f__Actinomycetaceae.g__Actinomyces.s__Actinomyces_sp_oral_taxon_448
2022-05-26 19:28:00 INFO::Fitting model to feature number 8, k__Bacteria.p__Actinobacteria.c__Actinobacteria.o__Bifidobacteriales.f__Bifidobacteriaceae.g__Bifidobacterium.s__Bifidobacterium_bifidum
2022-05-26 19:28:00 INFO::Fitting model to feature number 9, k__Bacteria.p__Actinobacteria.c__Actinobacteria.o__Bifidobacteriales.f__Bifidobacteriaceae.g__Bifidobacterium.s__Bifidobacterium_breve
2022-05-26 19:28:00 INFO::Fitting model to feature number 10, k__Bacteria.p__Actinobacteria.c__Actinobacteria.o__Bifidobacteriales.f__Bifidobacteriaceae.g__Bifidobacterium.s__Bifidobacterium_dentium
2022-05-26 19:28:00 INFO::Fitting model to feature number 11, k__Bacteria.p__Actinobacteria.c__Actinobacteria.o__Bifidobacteriales.f__Bifidobacteriaceae.g__Bifidobacterium.s__Bifidobacterium_gallinarum
2022-05-26 19:28:00 INFO::Fitting model to feature number 12, k__Bacteria.p__Actinobacteria.c__Actinobacteria.o__Bifidobacteriales.f__Bifidobacteriaceae.g__Bifidobacterium.s__Bifidobacterium_longum
2022-05-26 19:28:00 INFO::Fitting model to feature number 13, k__Bacteria.p__Actinobacteria.c__Actinobacteria.o__Bifidobacteriales.f__Bifidobacteriaceae.g__Bifidobacterium.s__Bifidobacterium_pullorum
2022-05-26 19:28:00 INFO::Fitting model to feature number 14, k__Bacteria.p__Actinobacteria.c__Actinobacteria.o__Bifidobacteriales.f__Bifidobacteriaceae.g__Bifidobacterium.s__Bifidobacterium_saeculare
2022-05-26 19:28:00 INFO::Fitting model to feature number 15, k__Bacteria.p__Actinobacteria.c__Actinobacteria.o__Bifidobacteriales.f__Bifidobacteriaceae.g__Scardovia.s__Scardovia_wiggsiae
2022-05-26 19:28:00 INFO::Fitting model to feature number 16, k__Bacteria.p__Actinobacteria.c__Actinobacteria.o__Micrococcales.f__Micrococcaceae.g__Rothia.s__Rothia_mucilaginosa
2022-05-26 19:28:00 INFO::Fitting model to feature number 17, k__Bacteria.p__Actinobacteria.c__Coriobacteriia.o__Coriobacteriales.f__Coriobacteriaceae.g__Enorma.s__Collinsella_massiliensis
2022-05-26 19:28:00 INFO::Fitting model to feature number 18, k__Bacteria.p__Actinobacteria.c__Coriobacteriia.o__Coriobacteriales.f__Coriobacteriaceae.g__Enorma.s__Enorma_massiliensis
2022-05-26 19:28:00 INFO::Fitting model to feature number 19, k__Bacteria.p__Bacteroidetes.c__Bacteroidia.o__Bacteroidales.f__Bacteroidaceae.g__Bacteroides.s__Bacteroides_faecis_CAG_32
2022-05-26 19:28:00 INFO::Fitting model to feature number 20, k__Bacteria.p__Bacteroidetes.c__Bacteroidia.o__Bacteroidales.f__Porphyromonadaceae.g__Porphyromonas.s__Porphyromonas_asaccharolytica
2022-05-26 19:28:00 INFO::Fitting model to feature number 21, k__Bacteria.p__Bacteroidetes.c__Bacteroidia.o__Bacteroidales.f__Prevotellaceae.g__Prevotella.s__Prevotella_copri
2022-05-26 19:28:00 INFO::Fitting model to feature number 22, k__Bacteria.p__Bacteroidetes.c__Bacteroidia.o__Bacteroidales.f__Rikenellaceae.g__Alistipes.s__Alistipes_finegoldii
2022-05-26 19:28:00 INFO::Fitting model to feature number 23, k__Bacteria.p__Bacteroidetes.c__Bacteroidia.o__Bacteroidales.f__Rikenellaceae.g__Alistipes.s__Alistipes_indistinctus
2022-05-26 19:28:00 INFO::Fitting model to feature number 24, k__Bacteria.p__Bacteroidetes.c__Bacteroidia.o__Bacteroidales.f__Tannerellaceae.g__Parabacteroides.s__Parabacteroides_distasonis
2022-05-26 19:28:00 INFO::Fitting model to feature number 25, k__Bacteria.p__Firmicutes.c__Bacilli.o__Lactobacillales.f__Enterococcaceae.g__Enterococcus.s__Enterococcus_avium
2022-05-26 19:28:00 INFO::Fitting model to feature number 26, k__Bacteria.p__Firmicutes.c__Bacilli.o__Lactobacillales.f__Enterococcaceae.g__Enterococcus.s__Enterococcus_faecium
2022-05-26 19:28:00 INFO::Fitting model to feature number 27, k__Bacteria.p__Firmicutes.c__Bacilli.o__Lactobacillales.f__Lactobacillaceae.g__Lactobacillus.s__Lactobacillus_fermentum
2022-05-26 19:28:00 INFO::Fitting model to feature number 28, k__Bacteria.p__Firmicutes.c__Bacilli.o__Lactobacillales.f__Lactobacillaceae.g__Lactobacillus.s__Lactobacillus_gasseri
2022-05-26 19:28:00 INFO::Fitting model to feature number 29, k__Bacteria.p__Firmicutes.c__Bacilli.o__Lactobacillales.f__Lactobacillaceae.g__Lactobacillus.s__Lactobacillus_paragasseri
2022-05-26 19:28:00 INFO::Fitting model to feature number 30, k__Bacteria.p__Firmicutes.c__Bacilli.o__Lactobacillales.f__Lactobacillaceae.g__Lactobacillus.s__Lactobacillus_reuteri
2022-05-26 19:28:00 INFO::Fitting model to feature number 31, k__Bacteria.p__Firmicutes.c__Bacilli.o__Lactobacillales.f__Lactobacillaceae.g__Lactobacillus.s__Lactobacillus_rhamnosus
2022-05-26 19:28:00 INFO::Fitting model to feature number 32, k__Bacteria.p__Firmicutes.c__Bacilli.o__Lactobacillales.f__Lactobacillaceae.g__Lactobacillus.s__Lactobacillus_salivarius
2022-05-26 19:28:00 INFO::Fitting model to feature number 33, k__Bacteria.p__Firmicutes.c__Bacilli.o__Lactobacillales.f__Streptococcaceae.g__Streptococcus.s__Streptococcus_anginosus_group
2022-05-26 19:28:00 INFO::Fitting model to feature number 34, k__Bacteria.p__Firmicutes.c__Bacilli.o__Lactobacillales.f__Streptococcaceae.g__Streptococcus.s__Streptococcus_australis
2022-05-26 19:28:00 INFO::Fitting model to feature number 35, k__Bacteria.p__Firmicutes.c__Bacilli.o__Lactobacillales.f__Streptococcaceae.g__Streptococcus.s__Streptococcus_infantis
2022-05-26 19:28:00 INFO::Fitting model to feature number 36, k__Bacteria.p__Firmicutes.c__Bacilli.o__Lactobacillales.f__Streptococcaceae.g__Streptococcus.s__Streptococcus_lutetiensis
2022-05-26 19:28:00 INFO::Fitting model to feature number 37, k__Bacteria.p__Firmicutes.c__Bacilli.o__Lactobacillales.f__Streptococcaceae.g__Streptococcus.s__Streptococcus_mitis
2022-05-26 19:28:00 INFO::Fitting model to feature number 38, k__Bacteria.p__Firmicutes.c__Bacilli.o__Lactobacillales.f__Streptococcaceae.g__Streptococcus.s__Streptococcus_mutans
2022-05-26 19:28:00 INFO::Fitting model to feature number 39, k__Bacteria.p__Firmicutes.c__Bacilli.o__Lactobacillales.f__Streptococcaceae.g__Streptococcus.s__Streptococcus_sp_A12
2022-05-26 19:28:00 INFO::Fitting model to feature number 40, k__Bacteria.p__Firmicutes.c__Bacilli.o__Lactobacillales.f__Streptococcaceae.g__Streptococcus.s__Streptococcus_vestibularis
2022-05-26 19:28:00 INFO::Fitting model to feature number 41, k__Bacteria.p__Firmicutes.c__Clostridia.o__Clostridiales.f__Christensenellaceae.g__Christensenella.s__Christensenella_minuta
2022-05-26 19:28:00 INFO::Fitting model to feature number 42, k__Bacteria.p__Firmicutes.c__Clostridia.o__Clostridiales.f__Clostridiaceae.g__Butyricicoccus.s__Butyricicoccus_pullicaecorum
2022-05-26 19:28:00 INFO::Fitting model to feature number 43, k__Bacteria.p__Firmicutes.c__Clostridia.o__Clostridiales.f__Clostridiaceae.g__Clostridium.s__Clostridium_sp_CAG_299
2022-05-26 19:28:00 INFO::Fitting model to feature number 44, k__Bacteria.p__Firmicutes.c__Clostridia.o__Clostridiales.f__Clostridiaceae.g__Clostridium.s__Clostridium_sp_CAG_58
2022-05-26 19:28:00 INFO::Fitting model to feature number 45, k__Bacteria.p__Firmicutes.c__Clostridia.o__Clostridiales.f__Clostridiaceae.g__Hungatella.s__Hungatella_hathewayi
2022-05-26 19:28:00 INFO::Fitting model to feature number 46, k__Bacteria.p__Firmicutes.c__Clostridia.o__Clostridiales.f__Clostridiales_unclassified.g__Monoglobus.s__Monoglobus_pectinilyticus
2022-05-26 19:28:00 INFO::Fitting model to feature number 47, k__Bacteria.p__Firmicutes.c__Clostridia.o__Clostridiales.f__Eubacteriaceae.g__Eubacterium.s__Eubacterium_callanderi
2022-05-26 19:28:00 INFO::Fitting model to feature number 48, k__Bacteria.p__Firmicutes.c__Clostridia.o__Clostridiales.f__Eubacteriaceae.g__Eubacterium.s__Eubacterium_eligens
2022-05-26 19:28:00 INFO::Fitting model to feature number 49, k__Bacteria.p__Firmicutes.c__Clostridia.o__Clostridiales.f__Eubacteriaceae.g__Eubacterium.s__Eubacterium_hallii
2022-05-26 19:28:00 INFO::Fitting model to feature number 50, k__Bacteria.p__Firmicutes.c__Clostridia.o__Clostridiales.f__Eubacteriaceae.g__Eubacterium.s__Eubacterium_limosum
2022-05-26 19:28:00 INFO::Fitting model to feature number 51, k__Bacteria.p__Firmicutes.c__Clostridia.o__Clostridiales.f__Eubacteriaceae.g__Eubacterium.s__Eubacterium_ramulus
2022-05-26 19:28:00 INFO::Fitting model to feature number 52, k__Bacteria.p__Firmicutes.c__Clostridia.o__Clostridiales.f__Eubacteriaceae.g__Eubacterium.s__Eubacterium_sp_CAG_38
2022-05-26 19:28:00 INFO::Fitting model to feature number 53, k__Bacteria.p__Firmicutes.c__Clostridia.o__Clostridiales.f__Lachnospiraceae.g__Anaerostipes.s__Anaerostipes_hadrus
2022-05-26 19:28:00 INFO::Fitting model to feature number 54, k__Bacteria.p__Firmicutes.c__Clostridia.o__Clostridiales.f__Lachnospiraceae.g__Blautia.s__Blautia_hansenii
2022-05-26 19:28:00 INFO::Fitting model to feature number 55, k__Bacteria.p__Firmicutes.c__Clostridia.o__Clostridiales.f__Lachnospiraceae.g__Blautia.s__Blautia_wexlerae
2022-05-26 19:28:00 INFO::Fitting model to feature number 56, k__Bacteria.p__Firmicutes.c__Clostridia.o__Clostridiales.f__Lachnospiraceae.g__Eisenbergiella.s__Eisenbergiella_tayi
2022-05-26 19:28:00 INFO::Fitting model to feature number 57, k__Bacteria.p__Firmicutes.c__Clostridia.o__Clostridiales.f__Lachnospiraceae.g__Fusicatenibacter.s__Fusicatenibacter_saccharivorans
2022-05-26 19:28:00 INFO::Fitting model to feature number 58, k__Bacteria.p__Firmicutes.c__Clostridia.o__Clostridiales.f__Lachnospiraceae.g__Lachnoclostridium.s__Clostridium_hylemonae
2022-05-26 19:28:00 INFO::Fitting model to feature number 59, k__Bacteria.p__Firmicutes.c__Clostridia.o__Clostridiales.f__Lachnospiraceae.g__Lachnoclostridium.s__Lachnoclostridium_sp_An131
2022-05-26 19:28:00 INFO::Fitting model to feature number 60, k__Bacteria.p__Firmicutes.c__Clostridia.o__Clostridiales.f__Lachnospiraceae.g__Lachnospiraceae_unclassified.s__Eubacterium_rectale
2022-05-26 19:28:00 INFO::Fitting model to feature number 61, k__Bacteria.p__Firmicutes.c__Clostridia.o__Clostridiales.f__Lachnospiraceae.g__Roseburia.s__Roseburia_faecis
2022-05-26 19:28:00 INFO::Fitting model to feature number 62, k__Bacteria.p__Firmicutes.c__Clostridia.o__Clostridiales.f__Lachnospiraceae.g__Roseburia.s__Roseburia_intestinalis
2022-05-26 19:28:00 INFO::Fitting model to feature number 63, k__Bacteria.p__Firmicutes.c__Clostridia.o__Clostridiales.f__Lachnospiraceae.g__Roseburia.s__Roseburia_inulinivorans
2022-05-26 19:28:00 INFO::Fitting model to feature number 64, k__Bacteria.p__Firmicutes.c__Clostridia.o__Clostridiales.f__Ruminococcaceae.g__Faecalibacterium.s__Faecalibacterium_prausnitzii
2022-05-26 19:28:00 INFO::Fitting model to feature number 65, k__Bacteria.p__Firmicutes.c__Clostridia.o__Clostridiales.f__Ruminococcaceae.g__Harryflintia.s__Harryflintia_acetispora
2022-05-26 19:28:00 INFO::Fitting model to feature number 66, k__Bacteria.p__Firmicutes.c__Clostridia.o__Clostridiales.f__Ruminococcaceae.g__Pseudoflavonifractor.s__Pseudoflavonifractor_sp_An184
2022-05-26 19:28:00 INFO::Fitting model to feature number 67, k__Bacteria.p__Firmicutes.c__Clostridia.o__Clostridiales.f__Ruminococcaceae.g__Ruminococcaceae_unclassified.s__Clostridium_leptum
2022-05-26 19:28:00 INFO::Fitting model to feature number 68, k__Bacteria.p__Firmicutes.c__Clostridia.o__Clostridiales.f__Ruminococcaceae.g__Ruminococcaceae_unclassified.s__Ruminococcaceae_bacterium_D5
2022-05-26 19:28:00 INFO::Fitting model to feature number 69, k__Bacteria.p__Firmicutes.c__Clostridia.o__Clostridiales.f__Ruminococcaceae.g__Ruminococcus.s__Ruminococcus_bicirculans
2022-05-26 19:28:00 INFO::Fitting model to feature number 70, k__Bacteria.p__Firmicutes.c__Clostridia.o__Clostridiales.f__Ruminococcaceae.g__Ruminococcus.s__Ruminococcus_callidus
2022-05-26 19:28:00 INFO::Fitting model to feature number 71, k__Bacteria.p__Firmicutes.c__Clostridia.o__Clostridiales.f__Ruminococcaceae.g__Ruminococcus.s__Ruminococcus_lactaris
2022-05-26 19:28:00 INFO::Fitting model to feature number 72, k__Bacteria.p__Firmicutes.c__Clostridia.o__Clostridiales.f__Ruminococcaceae.g__Ruthenibacterium.s__Ruthenibacterium_lactatiformans
2022-05-26 19:28:00 INFO::Fitting model to feature number 73, k__Bacteria.p__Firmicutes.c__Erysipelotrichia.o__Erysipelotrichales.f__Erysipelotrichaceae.g__Coprobacillus.s__Coprobacillus_cateniformis
2022-05-26 19:28:01 INFO::Fitting model to feature number 74, k__Bacteria.p__Firmicutes.c__Erysipelotrichia.o__Erysipelotrichales.f__Erysipelotrichaceae.g__Erysipelatoclostridium.s__Clostridium_innocuum
2022-05-26 19:28:01 INFO::Fitting model to feature number 75, k__Bacteria.p__Firmicutes.c__Erysipelotrichia.o__Erysipelotrichales.f__Erysipelotrichaceae.g__Turicibacter.s__Turicibacter_sanguinis
2022-05-26 19:28:01 INFO::Fitting model to feature number 76, k__Bacteria.p__Firmicutes.c__Negativicutes.o__Acidaminococcales.f__Acidaminococcaceae.g__Acidaminococcus.s__Acidaminococcus_intestini
2022-05-26 19:28:01 INFO::Fitting model to feature number 77, k__Bacteria.p__Firmicutes.c__Negativicutes.o__Veillonellales.f__Veillonellaceae.g__Dialister.s__Dialister_invisus
2022-05-26 19:28:01 INFO::Fitting model to feature number 78, k__Bacteria.p__Firmicutes.c__Negativicutes.o__Veillonellales.f__Veillonellaceae.g__Megasphaera.s__Megasphaera_sp_DISK_18
2022-05-26 19:28:01 INFO::Fitting model to feature number 79, k__Bacteria.p__Firmicutes.c__Negativicutes.o__Veillonellales.f__Veillonellaceae.g__Megasphaera.s__Megasphaera_sp_MJR8396C
2022-05-26 19:28:01 INFO::Fitting model to feature number 80, k__Bacteria.p__Firmicutes.c__Negativicutes.o__Veillonellales.f__Veillonellaceae.g__Veillonella.s__Veillonella_dispar
2022-05-26 19:28:01 INFO::Fitting model to feature number 81, k__Bacteria.p__Proteobacteria.c__Gammaproteobacteria.o__Enterobacterales.f__Enterobacteriaceae.g__Escherichia.s__Escherichia_coli
2022-05-26 19:28:01 INFO::Fitting model to feature number 82, k__Bacteria.p__Proteobacteria.c__Gammaproteobacteria.o__Enterobacterales.f__Enterobacteriaceae.g__Klebsiella.s__Klebsiella_pneumoniae
2022-05-26 19:28:01 INFO::Fitting model to feature number 83, k__Bacteria.p__Proteobacteria.c__Gammaproteobacteria.o__Enterobacterales.f__Enterobacteriaceae.g__Klebsiella.s__Klebsiella_quasipneumoniae
2022-05-26 19:28:01 INFO::Fitting model to feature number 84, k__Bacteria.p__Synergistetes.c__Synergistia.o__Synergistales.f__Synergistaceae.g__Cloacibacillus.s__Cloacibacillus_evryensis
2022-05-26 19:28:01 INFO::Counting total values for each feature
2022-05-26 19:28:01 WARNING::Deleting existing residuals file: output/3.Taxonomic_associations/MaAsLin2_PD_taxa_adj_covariates/Confounding_variables/residuals.rds
2022-05-26 19:28:01 INFO::Writing residuals to file output/3.Taxonomic_associations/MaAsLin2_PD_taxa_adj_covariates/Confounding_variables/residuals.rds
2022-05-26 19:28:01 WARNING::Deleting existing fitted file: output/3.Taxonomic_associations/MaAsLin2_PD_taxa_adj_covariates/Confounding_variables/fitted.rds
2022-05-26 19:28:01 INFO::Writing fitted values to file output/3.Taxonomic_associations/MaAsLin2_PD_taxa_adj_covariates/Confounding_variables/fitted.rds
2022-05-26 19:28:01 INFO::Writing all results to file (ordered by increasing q-values): output/3.Taxonomic_associations/MaAsLin2_PD_taxa_adj_covariates/Confounding_variables/all_results.tsv
2022-05-26 19:28:01 INFO::Writing the significant results (those which are less than or equal to the threshold of 0.050000 ) to file (ordered by increasing q-values): output/3.Taxonomic_associations/MaAsLin2_PD_taxa_adj_covariates/Confounding_variables/significant_results.tsv
